<?xml version="1.0" encoding="utf-8"?>
<testsuites>
<testsuite package="org.spectral" time="0" tests="4" errors="0" failures="4" name="d:/a/1/a/artifacts/apis/echo-api/specification.yaml">
<testcase time="0" name="org.spectral.rule-important-info-fields(#/info)" classname="d:/a/1/a/artifacts/apis/echo-api/specification"><failure message="Missing the info.description"><![CDATA[line 2, col 6, Missing the info.description (rule-important-info-fields) at path #/info]]></failure></testcase>
<testcase time="0" name="org.spectral.oas3-valid-media-example(#/paths/~1IoTDeviceCatalogue/post/responses/200/content/text~1plain/example)" classname="d:/a/1/a/artifacts/apis/echo-api/specification"><failure message="&quot;example&quot; property type must be object"><![CDATA[line 60, col 24, "example" property type must be object (oas3-valid-media-example) at path #/paths/~1IoTDeviceCatalogue/post/responses/200/content/text~1plain/example]]></failure></testcase>
<testcase time="0" name="org.spectral.oas3-valid-media-example(#/paths/~1IoTDeviceCatalogue~1%7BdeviceId%7D/get/responses/200/content/text~1plain/example)" classname="d:/a/1/a/artifacts/apis/echo-api/specification"><failure message="&quot;example&quot; property type must be object"><![CDATA[line 101, col 24, "example" property type must be object (oas3-valid-media-example) at path #/paths/~1IoTDeviceCatalogue~1%7BdeviceId%7D/get/responses/200/content/text~1plain/example]]></failure></testcase>
<testcase time="0" name="org.spectral.oas3-valid-media-example(#/paths/~1IoTDeviceCatalogue~1%7BdeviceId%7D~1%7BnewPrice%7D/put/responses/200/content/text~1plain/example)" classname="d:/a/1/a/artifacts/apis/echo-api/specification"><failure message="&quot;example&quot; property type must be object"><![CDATA[line 166, col 24, "example" property type must be object (oas3-valid-media-example) at path #/paths/~1IoTDeviceCatalogue~1%7BdeviceId%7D~1%7BnewPrice%7D/put/responses/200/content/text~1plain/example]]></failure></testcase>
</testsuite>
</testsuites>
